amessage mixmaster@remail.amessage.info 8d6b0c3b4c477211fc7dabe627ad9ccc 2:3.0b1 CNm 2004-03-22 2005-04-16
amigo anon@remailer.org.uk bb4be5ed2fa58cca32949b512a6d9f17 2.0.4b46-reliable MC
antani mixmaster@firenze.linux.it a1bd6eac27bb35317fe49e3eb73aa5b8 2.9b40 CNm
ashcroft ashcroft@socialistsushi.com 8494b6800726889bc8d97a5ae3a0351c 2:3.0a4 MC 2004-05-01 2005-05-26
austria mixmaster@remailer.privacy.at 37586091b168b5e5b9a4b0d8cbe0e0de 2.9beta18 C
banana mix3@bananasplit.info 0c187a64f90644120cf6acd4c1d5dee1 2:3.0b2 MC 2004-07-01 2005-07-26
bigapple remailer@optonline.net b25d660c4dd6c2446c61de81f26f44ac 2.0.4b45 CN
bikikii remail@bikikii.ath.cx 836648067bbe410bad11d259ed62c12d 2.0.4b46 MCNm 2004-09-01 2006-12-31
bunker mixmaster@mixmaster.thebunker.net 0bd3320d57af38db5ea3432df2bf1f9e 2.9b38 CNm
cf mixmaster@remailer.cryptofortress.com d26234e7344b899a450398da70c81afc 2:3.0a9+cvs C
chicago remailer@xenophon.homeip.net f29a9f154590e9bc9ecbf82712b89461 2.9b40 MC
citrus mix@outel.org 310b8456beb23663965c6483fc45aab7 2:3.0b1 MC
cmeclax cmeclax@ixazon.dynip.com 7525679da68bf0cff931f4d8d1ed78cb 2.9b33 MCNp
cracker remailer@gacracker.org 6da536e3043a8090174821b250931ddc 2.9b33 MC
cripto anon@ecn.org 42e62a7198a5bb9ee64b027fe1a5e393 2:2.9.0 CNm
cside cside@cside.dyndns.org 8145e8e2aa87c8f4b15af0b240546fc0 2:3.0b0+cvs MC 2004-02-28 2005-03-24
cthulu mixmaster@cthulu.joatcrafts.org 03395f366dc6a70e673ac5d548ca8ec1 2.9beta32 MC
dingo dingo1@dingoremailer.com f70ae1a285a81d9ecf22a95313cfc1fc 2.0.4b45 MCN
dizum remailer@dizum.com d0c04d1b7539af602c68182a59d885b9 2.9beta22 CNm
dot dot@remailer.hyperreal.info ae5f2fd0280deacd8841a78f4f2267ce 2.9b39 MC
edo anon@cryptorebels.net 3a527adc40727755fdd2fbfb82c6f6c9 2:2.9.0 CNm
freedom remailer@freedom.gmsociety.org 92ab68330fbab6aa8517d751e1ae44fe 2.9beta23 CNm
frell godot@remailer.frell.eu.org ed3682ccd85a4264930044a4e9c53bfd 2:2.9.0 CNm
futurew mixmaster@mail.futureworlds.it 95ff9b0502e6ad42ab9bc66d755c52cf 2:2.9.0 CNm
gbnq mixmaster@devspread.org c448d35d0423da75cca385744bcc9030 2:2.9.0 MC
george mix@mixmaster.it ab3475256b54ca81e22654f3140059d1 2:2.9.0 CNm
harmless harmless@minder.net a4b4963fd61c6a02c284b8f57326b4b5 2.9beta23 MC
hastio anon@remailer.hastio.org b7e2ef816ab51617efea106acbddaa88 2.0.4b45 CN
hermes remailer@eocto.net 2bee9a765b68367e18d2d0c4a235ef98 2.9b40 CNm
italy aquarius@italy-anonymous-remailer.it 396c37c43f3f405b2d1ca3cd64a17386 2.0.4b46-reliable CN
kroken remailer@kroken.dynalias.com 32d306214a41b987d40123f723f7cfe2 2:2.9.1 C
krotus mix@buckwheat.jwiz.org 04534c97e4797dc53aa574b39785dc7a 2.9beta8 C
lcs mix@anon.lcs.mit.edu 0a28e8a7bd2133d59cf7db80c773176e 2.0.3 Np
liberty remailer@liberty.gmsociety.org 3de56777946581cc772fd95d56058484 2:3.0a5.2 CNm
mercler mercler@geekhost.info e73279be5bd1c82a4418b6f5e4147850 2:2.9.0 MCNm
metacolo mix@remailer.metacolo.com ae05e88b20ec3e276ae464e9901cd41a 2:2.9.0 CNm
panta remailer@panta-rhei.dyndns.org 560cdf610588cef6c7160ef984019323 2.0.4b46-reliable CN
paranoia anon@paranoici.org 3aaf2ca2a4b0a5207a1523dd5a4fb11d 2.9beta23 CNm
randseed randseed@melontraffickers.com b5f2983c8877b2ea0b31f42b2b8a0ef2 2.9beta23 CNm
riot anon@riot.eu.org 6bb850dc8eee3a5b2e5847acf5e187be 2.9beta23 MC
rot26 rot26@mix.uucico.de c4818fe61b42c8d27e87a476fcd76b6f 2:3.0b1+ MC 2004-04-10 2005-05-05
starwars mixmaster@tatooine.homelinux.net 912819a4f778f7ffd37dd6d1d96c3814 2.9b33 CNm
tonga remailer@cypherpunks.to 70d5742c277080317d4161f8c41b6592 2.9beta24 CNm
vger mix@vger.smbtech.com 3ad40b40176cdc8f149e5054ed4c6c90 2.9b38 MC
zerofree remailer@zerofreedom.homeip.net 1d45c5ea2d6add05ade7d3aada727f02 2:2.9.1 MC
